Build started 24-Jul-15 1:17:20 PM.
     1>Project "D:\Projects\ServiceAndDaemon\WLServiceDaemon\WLServiceDaemon\WLServiceDaemon.vcxproj" on node 2 (Build target(s)).
     1>ClCompile:
         C:\Program Files (x86)\Microsoft Visual Studio 12.0\VC\bin\CL.exe /c /ZI /nologo /W3 /WX- /sdl /Od /Oy- /D WIN32 /D _CRT_SECURE_NO_WARNINGS /D _DEBUG /D _CONSOLE /D _LIB /D _UNICODE /D UNICODE /Gm /EHsc /RTC1 /MDd /GS /fp:precise /Zc:wchar_t /Zc:forScope /Yc"stdafx.h" /Fp"Debug\WLServiceDaemon.pch" /Fo"Debug\\" /Fd"Debug\vc120.pdb" /Gd /TP /analyze- /errorReport:prompt stdafx.cpp
         stdafx.cpp
         C:\Program Files (x86)\Microsoft Visual Studio 12.0\VC\bin\CL.exe /c /ZI /nologo /W3 /WX- /sdl /Od /Oy- /D WIN32 /D _CRT_SECURE_NO_WARNINGS /D _DEBUG /D _CONSOLE /D _LIB /D _UNICODE /D UNICODE /Gm /EHsc /RTC1 /MDd /GS /fp:precise /Zc:wchar_t /Zc:forScope /Yu"stdafx.h" /Fp"Debug\WLServiceDaemon.pch" /Fo"Debug\\" /Fd"Debug\vc120.pdb" /Gd /TP /analyze- /errorReport:prompt FileWorker.cpp LinuxDaemon.cpp WindowsService.cpp WLServiceDaemon.cpp
         WLServiceDaemon.cpp
         WindowsService.cpp
         LinuxDaemon.cpp
         FileWorker.cpp
         Generating Code...
       Link:
         C:\Program Files (x86)\Microsoft Visual Studio 12.0\VC\bin\link.exe /ERRORREPORT:PROMPT /OUT:"D:\Projects\ServiceAndDaemon\WLServiceDaemon\Debug\WLServiceDaemon.exe" /INCREMENTAL /NOLOGO kernel32.lib user32.lib gdi32.lib winspool.lib comdlg32.lib advapi32.lib shell32.lib ole32.lib oleaut32.lib uuid.lib odbc32.lib odbccp32.lib /MANIFEST /MANIFESTUAC:"level='asInvoker' uiAccess='false'" /manifest:embed /DEBUG /PDB:"D:\Projects\ServiceAndDaemon\WLServiceDaemon\Debug\WLServiceDaemon.pdb" /SUBSYSTEM:CONSOLE /TLBID:1 /DYNAMICBASE /NXCOMPAT /IMPLIB:"D:\Projects\ServiceAndDaemon\WLServiceDaemon\Debug\WLServiceDaemon.lib" /MACHINE:X86 Debug\WLServiceDaemon.res
         Debug\FileWorker.obj
         Debug\LinuxDaemon.obj
         Debug\stdafx.obj
         Debug\WindowsService.obj
         Debug\WLServiceDaemon.obj
         WLServiceDaemon.vcxproj -> D:\Projects\ServiceAndDaemon\WLServiceDaemon\Debug\WLServiceDaemon.exe
     1>Done Building Project "D:\Projects\ServiceAndDaemon\WLServiceDaemon\WLServiceDaemon\WLServiceDaemon.vcxproj" (Build target(s)).

Build succeeded.

Time Elapsed 00:00:04.12
